Build started 2/24/2014 16:32:30.
     1>Project "C:\Users\Niels\Documents\sparcraft-clustering\VisualStudio\bwapidata.vcxproj" on node 3 (Rebuild target(s)).
     1>ClCompile:
         C:\Program Files (x86)\Microsoft Visual Studio 11.0\VC\bin\CL.exe /c /I../bwapidata/include/ /Zi /nologo /W3 /WX- /Ox /Oi /Ot /Oy /GT /GL /D WIN32 /D NDEBUG /D _CONSOLE /D NOMINMAX /D _CRT_SECURE_NO_WARNINGS /D _UNICODE /D UNICODE /Gm- /EHsc /MD /GS /Gy /fp:precise /Zc:wchar_t /Zc:forScope /Fo"Release\\" /Fd"Release\vc110.pdb" /Gd /TP /analyze- /errorReport:prompt ..\bwapidata\include\AIModule.cpp ..\bwapidata\include\Bitmap.cpp ..\bwapidata\include\BulletType.cpp ..\bwapidata\include\BWAPI.cpp ..\bwapidata\include\Color.cpp ..\bwapidata\include\Common.cpp ..\bwapidata\include\DamageType.cpp ..\bwapidata\include\Error.cpp ..\bwapidata\include\Event.cpp ..\bwapidata\include\ExplosionType.cpp ..\bwapidata\include\GameType.cpp ..\bwapidata\include\Order.cpp ..\bwapidata\include\PlayerType.cpp ..\bwapidata\include\Position.cpp ..\bwapidata\include\Race.cpp ..\bwapidata\include\TechType.cpp ..\bwapidata\include\TilePosition.cpp ..\bwapidata\include\UnitCommandType.cpp ..\bwapidata\include\UnitSizeType.cpp ..\bwapidata\include\UnitType.cpp ..\bwapidata\include\UpgradeType.cpp ..\bwapidata\include\Util\Exceptions.cpp ..\bwapidata\include\Util\FileLogger.cpp ..\bwapidata\include\Util\Logger.cpp ..\bwapidata\include\Util\sha1.cpp ..\bwapidata\include\Util\Strings.cpp ..\bwapidata\include\WeaponType.cpp
         AIModule.cpp
         Bitmap.cpp
         BulletType.cpp
         BWAPI.cpp
         Color.cpp
         Common.cpp
         DamageType.cpp
         Error.cpp
         Event.cpp
         ExplosionType.cpp
         GameType.cpp
         Order.cpp
         PlayerType.cpp
         Position.cpp
         Race.cpp
         TechType.cpp
         TilePosition.cpp
         UnitCommandType.cpp
         UnitSizeType.cpp
         UnitType.cpp
         Compiling...
         UpgradeType.cpp
         Exceptions.cpp
         FileLogger.cpp
         Logger.cpp
         sha1.cpp
         Strings.cpp
         WeaponType.cpp
       Lib:
         C:\Program Files (x86)\Microsoft Visual Studio 11.0\VC\bin\Lib.exe /OUT:"../bwapidata/lib/BWAPI.lib" /NOLOGO /LTCG Release\AIModule.obj
         Release\Bitmap.obj
         Release\BulletType.obj
         Release\BWAPI.obj
         Release\Color.obj
         Release\Common.obj
         Release\DamageType.obj
         Release\Error.obj
         Release\Event.obj
         Release\ExplosionType.obj
         Release\GameType.obj
         Release\Order.obj
         Release\PlayerType.obj
         Release\Position.obj
         Release\Race.obj
         Release\TechType.obj
         Release\TilePosition.obj
         Release\UnitCommandType.obj
         Release\UnitSizeType.obj
         Release\UnitType.obj
         Release\UpgradeType.obj
         Release\Exceptions.obj
         Release\FileLogger.obj
         Release\Logger.obj
         Release\sha1.obj
         Release\Strings.obj
         Release\WeaponType.obj
         bwapidata.vcxproj -> C:\Users\Niels\Documents\sparcraft-clustering\VisualStudio\../bwapidata/lib/BWAPI.lib
     1>Done Building Project "C:\Users\Niels\Documents\sparcraft-clustering\VisualStudio\bwapidata.vcxproj" (Rebuild target(s)).

Build succeeded.

Time Elapsed 00:00:14.56
