Build started 2/16/2014 17:20:06.
     1>Project "C:\Users\Niels\Documents\sparcraft\SparCraft\VisualStudio\SparCraft_main.vcxproj" on node 2 (Build target(s)).
     1>ClCompile:
         C:\Program Files (x86)\Microsoft Visual Studio 11.0\VC\bin\CL.exe /c /IC:\Users\Niels\Documents\sparcraft\boost_1_55_0 /IC:\Users\Niels\Documents\sparcraft\bwapidata /IC:\Users\Niels\Documents\sparcraft\bwapidata\include /I"C:\Users\Niels\Documents\sparcraft\SDL-1.2.15\include" /IC:\Users\Niels\Documents\sparcraft\SDL_image /I"C:\Users\Niels\Documents\sparcraft\SDL_gfx-2.0.25" /Zi /nologo /W3 /WX- /Ox /Oi /Ot /Oy /GT /GL /D WIN32 /D NDEBUG /D _CONSOLE /D NOMINMAX /D _CRT_SECURE_NO_WARNINGS /D _UNICODE /D UNICODE /Gm- /EHsc /MD /GS /Gy /fp:precise /Zc:wchar_t /Zc:forScope /Fo"Release\\" /Fd"Release\vc110.pdb" /Gd /TP /analyze- /errorReport:prompt ..\source\SearchExperiment.cpp
         SearchExperiment.cpp
       Link:
         C:\Program Files (x86)\Microsoft Visual Studio 11.0\VC\bin\link.exe /ERRORREPORT:PROMPT /OUT:"C:\Users\Niels\Documents\sparcraft\SparCraft\VisualStudio\Release\SparCraft.exe" /INCREMENTAL:NO /NOLOGO Release/SparCraft.lib C:\Users\Niels\Documents\sparcraft\bwapidata/lib/BWAPI.lib C:\Users\Niels\Documents\sparcraft\external_binaries\lib/SDL.lib C:\Users\Niels\Documents\sparcraft\external_binaries\lib/SDLmain.lib C:\Users\Niels\Documents\sparcraft\external_binaries\lib/opengl32.lib C:\Users\Niels\Documents\sparcraft\external_binaries\lib/SDL_image.lib C:\Users\Niels\Documents\sparcraft\external_binaries\lib/SDL_gfx.lib kernel32.lib user32.lib gdi32.lib winspool.lib comdlg32.lib advapi32.lib shell32.lib ole32.lib oleaut32.lib uuid.lib odbc32.lib odbccp32.lib /MANIFEST /MANIFESTUAC:"level='asInvoker' uiAccess='false'" /manifest:embed /DEBUG /PDB:"C:\Users\Niels\Documents\sparcraft\SparCraft\VisualStudio\Release\SparCraft.pdb" /MAP /SUBSYSTEM:CONSOLE /OPT:REF /OPT:ICF /LTCG /TLBID:1 /DYNAMICBASE /NXCOMPAT /IMPLIB:"C:\Users\Niels\Documents\sparcraft\SparCraft\VisualStudio\Release\SparCraft.lib" /MACHINE:X86 /PROFILE /SAFESEH Release\main.obj
         Release\SearchExperiment.obj
         Release\TutorialCode.obj
         Generating code
         Finished generating code
     1>BWAPI.lib(UnitType.obj) : warning LNK4204: 'C:\Users\Niels\Documents\sparcraft\SparCraft\VisualStudio\Release\vc110.pdb' is missing debugging information for referencing module; linking object as if no debug info
     1>BWAPI.lib(UpgradeType.obj) : warning LNK4204: 'C:\Users\Niels\Documents\sparcraft\SparCraft\VisualStudio\Release\vc110.pdb' is missing debugging information for referencing module; linking object as if no debug info
     1>BWAPI.lib(TechType.obj) : warning LNK4204: 'C:\Users\Niels\Documents\sparcraft\SparCraft\VisualStudio\Release\vc110.pdb' is missing debugging information for referencing module; linking object as if no debug info
     1>BWAPI.lib(BWAPI.obj) : warning LNK4204: 'C:\Users\Niels\Documents\sparcraft\SparCraft\VisualStudio\Release\vc110.pdb' is missing debugging information for referencing module; linking object as if no debug info
     1>BWAPI.lib(WeaponType.obj) : warning LNK4204: 'C:\Users\Niels\Documents\sparcraft\SparCraft\VisualStudio\Release\vc110.pdb' is missing debugging information for referencing module; linking object as if no debug info
     1>BWAPI.lib(UnitSizeType.obj) : warning LNK4204: 'C:\Users\Niels\Documents\sparcraft\SparCraft\VisualStudio\Release\vc110.pdb' is missing debugging information for referencing module; linking object as if no debug info
     1>BWAPI.lib(DamageType.obj) : warning LNK4204: 'C:\Users\Niels\Documents\sparcraft\SparCraft\VisualStudio\Release\vc110.pdb' is missing debugging information for referencing module; linking object as if no debug info
     1>BWAPI.lib(Race.obj) : warning LNK4204: 'C:\Users\Niels\Documents\sparcraft\SparCraft\VisualStudio\Release\vc110.pdb' is missing debugging information for referencing module; linking object as if no debug info
     1>BWAPI.lib(Common.obj) : warning LNK4204: 'C:\Users\Niels\Documents\sparcraft\SparCraft\VisualStudio\Release\vc110.pdb' is missing debugging information for referencing module; linking object as if no debug info
     1>BWAPI.lib(GameType.obj) : warning LNK4204: 'C:\Users\Niels\Documents\sparcraft\SparCraft\VisualStudio\Release\vc110.pdb' is missing debugging information for referencing module; linking object as if no debug info
     1>BWAPI.lib(Error.obj) : warning LNK4204: 'C:\Users\Niels\Documents\sparcraft\SparCraft\VisualStudio\Release\vc110.pdb' is missing debugging information for referencing module; linking object as if no debug info
     1>BWAPI.lib(UnitCommandType.obj) : warning LNK4204: 'C:\Users\Niels\Documents\sparcraft\SparCraft\VisualStudio\Release\vc110.pdb' is missing debugging information for referencing module; linking object as if no debug info
     1>BWAPI.lib(Color.obj) : warning LNK4204: 'C:\Users\Niels\Documents\sparcraft\SparCraft\VisualStudio\Release\vc110.pdb' is missing debugging information for referencing module; linking object as if no debug info
     1>BWAPI.lib(PlayerType.obj) : warning LNK4204: 'C:\Users\Niels\Documents\sparcraft\SparCraft\VisualStudio\Release\vc110.pdb' is missing debugging information for referencing module; linking object as if no debug info
     1>BWAPI.lib(BulletType.obj) : warning LNK4204: 'C:\Users\Niels\Documents\sparcraft\SparCraft\VisualStudio\Release\vc110.pdb' is missing debugging information for referencing module; linking object as if no debug info
     1>BWAPI.lib(ExplosionType.obj) : warning LNK4204: 'C:\Users\Niels\Documents\sparcraft\SparCraft\VisualStudio\Release\vc110.pdb' is missing debugging information for referencing module; linking object as if no debug info
     1>BWAPI.lib(Order.obj) : warning LNK4204: 'C:\Users\Niels\Documents\sparcraft\SparCraft\VisualStudio\Release\vc110.pdb' is missing debugging information for referencing module; linking object as if no debug info
         SparCraft_main.vcxproj -> C:\Users\Niels\Documents\sparcraft\SparCraft\VisualStudio\Release\SparCraft.exe
     1>Done Building Project "C:\Users\Niels\Documents\sparcraft\SparCraft\VisualStudio\SparCraft_main.vcxproj" (Build target(s)).

Build succeeded.

Time Elapsed 00:00:15.95
