C:\USERS\NIELS\DOCUMENTS\SPARCRAFT-CLUSTERING\VISUALSTUDIO\RELEASE\UNITTYPE.OBJ
C:\USERS\NIELS\DOCUMENTS\SPARCRAFT-CLUSTERING\VISUALSTUDIO\RELEASE\UNITSIZETYPE.OBJ
C:\USERS\NIELS\DOCUMENTS\SPARCRAFT-CLUSTERING\VISUALSTUDIO\RELEASE\UNITCOMMANDTYPE.OBJ
C:\USERS\NIELS\DOCUMENTS\SPARCRAFT-CLUSTERING\VISUALSTUDIO\RELEASE\TILEPOSITION.OBJ
C:\USERS\NIELS\DOCUMENTS\SPARCRAFT-CLUSTERING\VISUALSTUDIO\RELEASE\TECHTYPE.OBJ
C:\USERS\NIELS\DOCUMENTS\SPARCRAFT-CLUSTERING\VISUALSTUDIO\RELEASE\RACE.OBJ
C:\USERS\NIELS\DOCUMENTS\SPARCRAFT-CLUSTERING\VISUALSTUDIO\RELEASE\POSITION.OBJ
C:\USERS\NIELS\DOCUMENTS\SPARCRAFT-CLUSTERING\VISUALSTUDIO\RELEASE\PLAYERTYPE.OBJ
C:\USERS\NIELS\DOCUMENTS\SPARCRAFT-CLUSTERING\VISUALSTUDIO\RELEASE\ORDER.OBJ
C:\USERS\NIELS\DOCUMENTS\SPARCRAFT-CLUSTERING\VISUALSTUDIO\RELEASE\GAMETYPE.OBJ
C:\USERS\NIELS\DOCUMENTS\SPARCRAFT-CLUSTERING\VISUALSTUDIO\RELEASE\EXPLOSIONTYPE.OBJ
C:\USERS\NIELS\DOCUMENTS\SPARCRAFT-CLUSTERING\VISUALSTUDIO\RELEASE\EVENT.OBJ
C:\USERS\NIELS\DOCUMENTS\SPARCRAFT-CLUSTERING\VISUALSTUDIO\RELEASE\ERROR.OBJ
C:\USERS\NIELS\DOCUMENTS\SPARCRAFT-CLUSTERING\VISUALSTUDIO\RELEASE\DAMAGETYPE.OBJ
C:\USERS\NIELS\DOCUMENTS\SPARCRAFT-CLUSTERING\VISUALSTUDIO\RELEASE\COMMON.OBJ
C:\USERS\NIELS\DOCUMENTS\SPARCRAFT-CLUSTERING\VISUALSTUDIO\RELEASE\COLOR.OBJ
C:\USERS\NIELS\DOCUMENTS\SPARCRAFT-CLUSTERING\VISUALSTUDIO\RELEASE\BWAPI.OBJ
C:\USERS\NIELS\DOCUMENTS\SPARCRAFT-CLUSTERING\VISUALSTUDIO\RELEASE\BULLETTYPE.OBJ
C:\USERS\NIELS\DOCUMENTS\SPARCRAFT-CLUSTERING\VISUALSTUDIO\RELEASE\BITMAP.OBJ
C:\USERS\NIELS\DOCUMENTS\SPARCRAFT-CLUSTERING\VISUALSTUDIO\RELEASE\AIMODULE.OBJ
C:\USERS\NIELS\DOCUMENTS\SPARCRAFT-CLUSTERING\VISUALSTUDIO\RELEASE\WEAPONTYPE.OBJ
C:\USERS\NIELS\DOCUMENTS\SPARCRAFT-CLUSTERING\VISUALSTUDIO\RELEASE\STRINGS.OBJ
C:\USERS\NIELS\DOCUMENTS\SPARCRAFT-CLUSTERING\VISUALSTUDIO\RELEASE\SHA1.OBJ
C:\USERS\NIELS\DOCUMENTS\SPARCRAFT-CLUSTERING\VISUALSTUDIO\RELEASE\LOGGER.OBJ
C:\USERS\NIELS\DOCUMENTS\SPARCRAFT-CLUSTERING\VISUALSTUDIO\RELEASE\FILELOGGER.OBJ
C:\USERS\NIELS\DOCUMENTS\SPARCRAFT-CLUSTERING\VISUALSTUDIO\RELEASE\EXCEPTIONS.OBJ
C:\USERS\NIELS\DOCUMENTS\SPARCRAFT-CLUSTERING\VISUALSTUDIO\RELEASE\UPGRADETYPE.OBJ
C:\USERS\NIELS\DOCUMENTS\SPARCRAFT-CLUSTERING\VISUALSTUDIO\RELEASE\VC110.PDB
C:\USERS\NIELS\DOCUMENTS\SPARCRAFT-CLUSTERING\VISUALSTUDIO\RELEASE\PLAYER_CLUSTER.OBJ
C:\USERS\NIELS\DOCUMENTS\SPARCRAFT-CLUSTERING\VISUALSTUDIO\RELEASE\PLAYER_ATTACKWEAKEST.OBJ
C:\USERS\NIELS\DOCUMENTS\SPARCRAFT-CLUSTERING\VISUALSTUDIO\RELEASE\PLAYER_ATTACKDPS.OBJ
C:\USERS\NIELS\DOCUMENTS\SPARCRAFT-CLUSTERING\VISUALSTUDIO\RELEASE\PLAYER_ATTACKCLOSEST.OBJ
C:\USERS\NIELS\DOCUMENTS\SPARCRAFT-CLUSTERING\VISUALSTUDIO\RELEASE\PLAYER_ALPHABETA.OBJ
C:\USERS\NIELS\DOCUMENTS\SPARCRAFT-CLUSTERING\VISUALSTUDIO\RELEASE\PLAYERPROPERTIES.OBJ
C:\USERS\NIELS\DOCUMENTS\SPARCRAFT-CLUSTERING\VISUALSTUDIO\RELEASE\PLAYER.OBJ
C:\USERS\NIELS\DOCUMENTS\SPARCRAFT-CLUSTERING\VISUALSTUDIO\RELEASE\MOVEARRAY.OBJ
C:\USERS\NIELS\DOCUMENTS\SPARCRAFT-CLUSTERING\VISUALSTUDIO\RELEASE\IUCTUNITSCRIPTDATA.OBJ
C:\USERS\NIELS\DOCUMENTS\SPARCRAFT-CLUSTERING\VISUALSTUDIO\RELEASE\IUCTSEARCH.OBJ
C:\USERS\NIELS\DOCUMENTS\SPARCRAFT-CLUSTERING\VISUALSTUDIO\RELEASE\HASH.OBJ
C:\USERS\NIELS\DOCUMENTS\SPARCRAFT-CLUSTERING\VISUALSTUDIO\RELEASE\GLFONT.OBJ
C:\USERS\NIELS\DOCUMENTS\SPARCRAFT-CLUSTERING\VISUALSTUDIO\RELEASE\GAMESTATE.OBJ
C:\USERS\NIELS\DOCUMENTS\SPARCRAFT-CLUSTERING\VISUALSTUDIO\RELEASE\GAME.OBJ
C:\USERS\NIELS\DOCUMENTS\SPARCRAFT-CLUSTERING\VISUALSTUDIO\RELEASE\ENUMDATA.OBJ
C:\USERS\NIELS\DOCUMENTS\SPARCRAFT-CLUSTERING\VISUALSTUDIO\RELEASE\DISPLAY.OBJ
C:\USERS\NIELS\DOCUMENTS\SPARCRAFT-CLUSTERING\VISUALSTUDIO\RELEASE\ANIMATIONFRAMEDATA.OBJ
C:\USERS\NIELS\DOCUMENTS\SPARCRAFT-CLUSTERING\VISUALSTUDIO\RELEASE\ALPHABETASEARCH.OBJ
C:\USERS\NIELS\DOCUMENTS\SPARCRAFT-CLUSTERING\VISUALSTUDIO\RELEASE\ALLPLAYERS.OBJ
C:\USERS\NIELS\DOCUMENTS\SPARCRAFT-CLUSTERING\VISUALSTUDIO\RELEASE\WEAPONPROPERTIES.OBJ
C:\USERS\NIELS\DOCUMENTS\SPARCRAFT-CLUSTERING\VISUALSTUDIO\RELEASE\UPGMA.OBJ
C:\USERS\NIELS\DOCUMENTS\SPARCRAFT-CLUSTERING\VISUALSTUDIO\RELEASE\UNITSCRIPTDATA.OBJ
C:\USERS\NIELS\DOCUMENTS\SPARCRAFT-CLUSTERING\VISUALSTUDIO\RELEASE\UNITPROPERTIES.OBJ
C:\USERS\NIELS\DOCUMENTS\SPARCRAFT-CLUSTERING\VISUALSTUDIO\RELEASE\UNIT.OBJ
C:\USERS\NIELS\DOCUMENTS\SPARCRAFT-CLUSTERING\VISUALSTUDIO\RELEASE\UCTSEARCH.OBJ
C:\USERS\NIELS\DOCUMENTS\SPARCRAFT-CLUSTERING\VISUALSTUDIO\RELEASE\TRANSPOSITIONTABLE.OBJ
C:\USERS\NIELS\DOCUMENTS\SPARCRAFT-CLUSTERING\VISUALSTUDIO\RELEASE\TIMER.OBJ
C:\USERS\NIELS\DOCUMENTS\SPARCRAFT-CLUSTERING\VISUALSTUDIO\RELEASE\SPARCRAFT.OBJ
C:\USERS\NIELS\DOCUMENTS\SPARCRAFT-CLUSTERING\VISUALSTUDIO\RELEASE\PORTFOLIOGREEDYSEARCH.OBJ
C:\USERS\NIELS\DOCUMENTS\SPARCRAFT-CLUSTERING\VISUALSTUDIO\RELEASE\PLAYER_UCT.OBJ
C:\USERS\NIELS\DOCUMENTS\SPARCRAFT-CLUSTERING\VISUALSTUDIO\RELEASE\PLAYER_RANDOM.OBJ
C:\USERS\NIELS\DOCUMENTS\SPARCRAFT-CLUSTERING\VISUALSTUDIO\RELEASE\PLAYER_PORTFOLIOGREEDYSEARCH.OBJ
C:\USERS\NIELS\DOCUMENTS\SPARCRAFT-CLUSTERING\VISUALSTUDIO\RELEASE\PLAYER_NOKDPS.OBJ
C:\USERS\NIELS\DOCUMENTS\SPARCRAFT-CLUSTERING\VISUALSTUDIO\RELEASE\PLAYER_KITER_NOKDPS.OBJ
C:\USERS\NIELS\DOCUMENTS\SPARCRAFT-CLUSTERING\VISUALSTUDIO\RELEASE\PLAYER_KITERDPS.OBJ
C:\USERS\NIELS\DOCUMENTS\SPARCRAFT-CLUSTERING\VISUALSTUDIO\RELEASE\PLAYER_KITER.OBJ
C:\USERS\NIELS\DOCUMENTS\SPARCRAFT-CLUSTERING\VISUALSTUDIO\RELEASE\PLAYER_IUCT.OBJ
C:\USERS\NIELS\DOCUMENTS\SPARCRAFT-CLUSTERING\BWAPIDATA\LIB\BWAPI.LIB
C:\USERS\NIELS\DOCUMENTS\SPARCRAFT-CLUSTERING\VISUALSTUDIO\RELEASE\SPARCRAFT.LIB
C:\Users\Niels\Documents\sparcraft-clustering\VisualStudio\Release\AIModule.obj
C:\Users\Niels\Documents\sparcraft-clustering\VisualStudio\Release\AllPlayers.obj
C:\Users\Niels\Documents\sparcraft-clustering\VisualStudio\Release\AlphaBetaSearch.obj
C:\Users\Niels\Documents\sparcraft-clustering\VisualStudio\Release\AnimationFrameData.obj
C:\Users\Niels\Documents\sparcraft-clustering\VisualStudio\Release\Bitmap.obj
C:\Users\Niels\Documents\sparcraft-clustering\VisualStudio\Release\BulletType.obj
C:\Users\Niels\Documents\sparcraft-clustering\VisualStudio\Release\BWAPI.obj
C:\Users\Niels\Documents\sparcraft-clustering\VisualStudio\Release\Color.obj
C:\Users\Niels\Documents\sparcraft-clustering\VisualStudio\Release\Common.obj
C:\Users\Niels\Documents\sparcraft-clustering\VisualStudio\Release\DamageType.obj
C:\Users\Niels\Documents\sparcraft-clustering\VisualStudio\Release\Display.obj
C:\Users\Niels\Documents\sparcraft-clustering\VisualStudio\Release\EnumData.obj
C:\Users\Niels\Documents\sparcraft-clustering\VisualStudio\Release\Error.obj
C:\Users\Niels\Documents\sparcraft-clustering\VisualStudio\Release\Event.obj
C:\Users\Niels\Documents\sparcraft-clustering\VisualStudio\Release\Exceptions.obj
C:\Users\Niels\Documents\sparcraft-clustering\VisualStudio\Release\ExplosionType.obj
C:\Users\Niels\Documents\sparcraft-clustering\VisualStudio\Release\FileLogger.obj
C:\Users\Niels\Documents\sparcraft-clustering\VisualStudio\Release\Game.obj
C:\Users\Niels\Documents\sparcraft-clustering\VisualStudio\Release\GameState.obj
C:\Users\Niels\Documents\sparcraft-clustering\VisualStudio\Release\GameType.obj
C:\Users\Niels\Documents\sparcraft-clustering\VisualStudio\Release\glfont.obj
C:\Users\Niels\Documents\sparcraft-clustering\VisualStudio\Release\Hash.obj
C:\Users\Niels\Documents\sparcraft-clustering\VisualStudio\Release\IUCTSearch.obj
C:\Users\Niels\Documents\sparcraft-clustering\VisualStudio\Release\IUCTUnitScriptData.obj
C:\Users\Niels\Documents\sparcraft-clustering\VisualStudio\Release\Logger.obj
C:\Users\Niels\Documents\sparcraft-clustering\VisualStudio\Release\MoveArray.obj
C:\Users\Niels\Documents\sparcraft-clustering\VisualStudio\Release\Order.obj
C:\Users\Niels\Documents\sparcraft-clustering\VisualStudio\Release\Player.obj
C:\Users\Niels\Documents\sparcraft-clustering\VisualStudio\Release\PlayerProperties.obj
C:\Users\Niels\Documents\sparcraft-clustering\VisualStudio\Release\PlayerType.obj
C:\Users\Niels\Documents\sparcraft-clustering\VisualStudio\Release\Player_AlphaBeta.obj
C:\Users\Niels\Documents\sparcraft-clustering\VisualStudio\Release\Player_AttackClosest.obj
C:\Users\Niels\Documents\sparcraft-clustering\VisualStudio\Release\Player_AttackDPS.obj
C:\Users\Niels\Documents\sparcraft-clustering\VisualStudio\Release\Player_AttackWeakest.obj
C:\Users\Niels\Documents\sparcraft-clustering\VisualStudio\Release\Player_Cluster.obj
C:\Users\Niels\Documents\sparcraft-clustering\VisualStudio\Release\Player_IUCT.obj
C:\Users\Niels\Documents\sparcraft-clustering\VisualStudio\Release\Player_Kiter.obj
C:\Users\Niels\Documents\sparcraft-clustering\VisualStudio\Release\Player_KiterDPS.obj
C:\Users\Niels\Documents\sparcraft-clustering\VisualStudio\Release\Player_Kiter_NOKDPS.obj
C:\Users\Niels\Documents\sparcraft-clustering\VisualStudio\Release\Player_NOKDPS.obj
C:\Users\Niels\Documents\sparcraft-clustering\VisualStudio\Release\Player_PortfolioGreedySearch.obj
C:\Users\Niels\Documents\sparcraft-clustering\VisualStudio\Release\Player_Random.obj
C:\Users\Niels\Documents\sparcraft-clustering\VisualStudio\Release\Player_UCT.obj
C:\Users\Niels\Documents\sparcraft-clustering\VisualStudio\Release\PortfolioGreedySearch.obj
C:\Users\Niels\Documents\sparcraft-clustering\VisualStudio\Release\Position.obj
C:\Users\Niels\Documents\sparcraft-clustering\VisualStudio\Release\Race.obj
C:\Users\Niels\Documents\sparcraft-clustering\VisualStudio\Release\sha1.obj
C:\Users\Niels\Documents\sparcraft-clustering\VisualStudio\Release\SparCraft.obj
C:\Users\Niels\Documents\sparcraft-clustering\VisualStudio\Release\Strings.obj
C:\Users\Niels\Documents\sparcraft-clustering\VisualStudio\Release\TechType.obj
C:\Users\Niels\Documents\sparcraft-clustering\VisualStudio\Release\TilePosition.obj
C:\Users\Niels\Documents\sparcraft-clustering\VisualStudio\Release\Timer.obj
C:\Users\Niels\Documents\sparcraft-clustering\VisualStudio\Release\TranspositionTable.obj
C:\Users\Niels\Documents\sparcraft-clustering\VisualStudio\Release\UCTSearch.obj
C:\Users\Niels\Documents\sparcraft-clustering\VisualStudio\Release\Unit.obj
C:\Users\Niels\Documents\sparcraft-clustering\VisualStudio\Release\UnitCommandType.obj
C:\Users\Niels\Documents\sparcraft-clustering\VisualStudio\Release\UnitProperties.obj
C:\Users\Niels\Documents\sparcraft-clustering\VisualStudio\Release\UnitScriptData.obj
C:\Users\Niels\Documents\sparcraft-clustering\VisualStudio\Release\UnitSizeType.obj
C:\Users\Niels\Documents\sparcraft-clustering\VisualStudio\Release\UnitType.obj
C:\Users\Niels\Documents\sparcraft-clustering\VisualStudio\Release\UPGMA.obj
C:\Users\Niels\Documents\sparcraft-clustering\VisualStudio\Release\UpgradeType.obj
C:\Users\Niels\Documents\sparcraft-clustering\VisualStudio\Release\WeaponProperties.obj
C:\Users\Niels\Documents\sparcraft-clustering\VisualStudio\Release\WeaponType.obj
C:\Users\Niels\Documents\sparcraft-clustering\VisualStudio\Release\cl.command.1.tlog
C:\Users\Niels\Documents\sparcraft-clustering\VisualStudio\Release\CL.read.1.tlog
C:\Users\Niels\Documents\sparcraft-clustering\VisualStudio\Release\CL.write.1.tlog
C:\Users\Niels\Documents\sparcraft-clustering\VisualStudio\Release\Lib-link.read.1.tlog
C:\Users\Niels\Documents\sparcraft-clustering\VisualStudio\Release\Lib-link.write.1.tlog
C:\Users\Niels\Documents\sparcraft-clustering\VisualStudio\Release\lib.command.1.tlog
C:\Users\Niels\Documents\sparcraft-clustering\VisualStudio\Release\vc110.pdb
